<?xml version="1.0" encoding="UTF-8"?>
<testsuite xmlns:xsi="http://www.w3.org/2001/XMLSchema-instance" xsi:noNamespaceSchemaLocation="https://maven.apache.org/surefire/maven-surefire-plugin/xsd/surefire-test-report.xsd" name="TestSuite" time="298.808" tests="14" errors="0" skipped="0" failures="0">
  <properties>
[...]
</properties>
  <testcase name="positiveSignupScenario" classname="CommonRunner.SignupTest" time="17.258"/>
  <testcase name="invalidEmailSignupScenario" classname="CommonRunner.SignupTest" time="7.891"/>
  <testcase name="mismatchedPasswordSignupScenario" classname="CommonRunner.SignupTest" time="6.262"/>
  <testcase name="emptyFieldsSignupScenario" classname="CommonRunner.SignupTest" time="5.33"/>
  <testcase name="positiveLoginScenario" classname="CommonRunner.LoginTest" time="2.373"/>
  <testcase name="invalidEmailLoginScenario" classname="CommonRunner.LoginTest" time="1.929"/>
  <testcase name="invalidPasswordLoginScenario" classname="CommonRunner.LoginTest" time="2.049"/>
  <testcase name="emptyFieldsLoginScenario" classname="CommonRunner.LoginTest" time="1.678"/>
  <testcase name="negativeOneWayBookingScenario" classname="CommonRunner.OneWayBookingTest" time="13.995"/>
  <testcase name="positiveOneWayBookingScenario" classname="CommonRunner.OneWayBookingTest" time="40.846"/>
  <testcase name="negativeRoundTripBookingScenario" classname="CommonRunner.RoundTripBookingTest" time="3.693"/>
  <testcase name="positiveRoundTripBookingScenario" classname="CommonRunner.RoundTripBookingTest" time="39.808"/>
  <testcase name="validateBookingPage" classname="CommonRunner.ValidateProcessTest" time="0.988"/>
  <testcase name="testPaymentProcess" classname="CommonRunner.PaymentProcessTest" time="60.395"/>
</testsuite>