<?xml version="1.0" encoding="UTF-8"?>
<testng-results ignored="0" total="14" passed="14" failed="0" skipped="0">
  <reporter-output>
    <line>
      <![CDATA[<img src= C:\Users\cibhi\eclipse-workspace\Project_SpiceJet\screenshots\positiveSignupScenario.png width = 200px height=200px />]]>
    </line>
    <line>
      <![CDATA[<img src= C:\Users\cibhi\eclipse-workspace\Project_SpiceJet\screenshots\invalidEmailSignupScenario.png width = 200px height=200px />]]>
    </line>
    <line>
      <![CDATA[<img src= C:\Users\cibhi\eclipse-workspace\Project_SpiceJet\screenshots\mismatchedPasswordSignupScenario.png width = 200px height=200px />]]>
    </line>
    <line>
      <![CDATA[<img src= C:\Users\cibhi\eclipse-workspace\Project_SpiceJet\screenshots\emptyFieldsSignupScenario.png width = 200px height=200px />]]>
    </line>
    <line>
      <![CDATA[<img src= C:\Users\cibhi\eclipse-workspace\Project_SpiceJet\screenshots\positiveLoginScenario.png width = 200px height=200px />]]>
    </line>
    <line>
      <![CDATA[<img src= C:\Users\cibhi\eclipse-workspace\Project_SpiceJet\screenshots\invalidEmailLoginScenario.png width = 200px height=200px />]]>
    </line>
    <line>
      <![CDATA[<img src= C:\Users\cibhi\eclipse-workspace\Project_SpiceJet\screenshots\invalidPasswordLoginScenario.png width = 200px height=200px />]]>
    </line>
    <line>
      <![CDATA[<img src= C:\Users\cibhi\eclipse-workspace\Project_SpiceJet\screenshots\emptyFieldsLoginScenario.png width = 200px height=200px />]]>
    </line>
    <line>
      <![CDATA[<img src= C:\Users\cibhi\eclipse-workspace\Project_SpiceJet\screenshots\negativeOneWayBookingScenario.png width = 200px height=200px />]]>
    </line>
    <line>
      <![CDATA[<img src= C:\Users\cibhi\eclipse-workspace\Project_SpiceJet\screenshots\positiveOneWayBookingScenario.png width = 200px height=200px />]]>
    </line>
    <line>
      <![CDATA[<img src= C:\Users\cibhi\eclipse-workspace\Project_SpiceJet\screenshots\negativeRoundTripBookingScenario.png width = 200px height=200px />]]>
    </line>
    <line>
      <![CDATA[<img src= C:\Users\cibhi\eclipse-workspace\Project_SpiceJet\screenshots\positiveRoundTripBookingScenario.png width = 200px height=200px />]]>
    </line>
    <line>
      <![CDATA[<img src= C:\Users\cibhi\eclipse-workspace\Project_SpiceJet\screenshots\validateBookingPage.png width = 200px height=200px />]]>
    </line>
    <line>
      <![CDATA[<img src= C:\Users\cibhi\eclipse-workspace\Project_SpiceJet\screenshots\testPaymentProcess.png width = 200px height=200px />]]>
    </line>
  </reporter-output>
  <suite started-at="2024-07-10T22:07:04 IST" name="SpiceJet Test" finished-at="2024-07-10T22:12:01 IST" duration-ms="297257">
    <groups>
    </groups>
    <test started-at="2024-07-10T22:07:04 IST" name="Chrome Test" finished-at="2024-07-10T22:12:01 IST" duration-ms="297257">
      <class name="CommonRunner.SignupTest">
        <test-method is-config="true" signature="setUp(java.lang.String,java.lang.String)[pri:0, instance:CommonRunner.SignupTest@68c72235]" started-at="2024-07-10T22:07:04 IST" name="setUp" finished-at="2024-07-10T22:07:14 IST" duration-ms="9887" status="PASS">
          <params>
            <param index="0">
              <value>
                <![CDATA[Chrome]]>
              </value>
            </param>
            <param index="1">
              <value>
                <![CDATA[https://www.spicejet.com/]]>
              </value>
            </param>
          </params>
          <reporter-output>
          </reporter-output>
        </test-method> <!-- setUp -->
        <test-method is-config="true" signature="urlVerify()[pri:0, instance:CommonRunner.SignupTest@68c72235]" started-at="2024-07-10T22:07:14 IST" name="urlVerify" finished-at="2024-07-10T22:07:15 IST" duration-ms="1064" status="PASS">
          <reporter-output>
          </reporter-output>
        </test-method> <!-- urlVerify -->
        <test-method signature="positiveSignupScenario()[pri:1, instance:CommonRunner.SignupTest@68c72235]" started-at="2024-07-10T22:07:15 IST" name="positiveSignupScenario" finished-at="2024-07-10T22:07:31 IST" duration-ms="16652" status="PASS">
          <reporter-output>
            <line>
              <![CDATA[<img src= C:\Users\cibhi\eclipse-workspace\Project_SpiceJet\screenshots\positiveSignupScenario.png width = 200px height=200px />]]>
            </line>
          </reporter-output>
        </test-method> <!-- positiveSignupScenario -->
        <test-method is-config="true" signature="refreshAfterEachTest()[pri:0, instance:CommonRunner.SignupTest@68c72235]" started-at="2024-07-10T22:07:32 IST" name="refreshAfterEachTest" finished-at="2024-07-10T22:07:37 IST" duration-ms="4797" status="PASS">
          <reporter-output>
          </reporter-output>
        </test-method> <!-- refreshAfterEachTest -->
        <test-method signature="invalidEmailSignupScenario()[pri:2, instance:CommonRunner.SignupTest@68c72235]" started-at="2024-07-10T22:07:37 IST" name="invalidEmailSignupScenario" finished-at="2024-07-10T22:07:44 IST" duration-ms="7317" status="PASS">
          <reporter-output>
            <line>
              <![CDATA[<img src= C:\Users\cibhi\eclipse-workspace\Project_SpiceJet\screenshots\invalidEmailSignupScenario.png width = 200px height=200px />]]>
            </line>
          </reporter-output>
        </test-method> <!-- invalidEmailSignupScenario -->
        <test-method is-config="true" signature="refreshAfterEachTest()[pri:0, instance:CommonRunner.SignupTest@68c72235]" started-at="2024-07-10T22:07:45 IST" name="refreshAfterEachTest" finished-at="2024-07-10T22:07:50 IST" duration-ms="5531" status="PASS">
          <reporter-output>
          </reporter-output>
        </test-method> <!-- refreshAfterEachTest -->
        <test-method signature="mismatchedPasswordSignupScenario()[pri:3, instance:CommonRunner.SignupTest@68c72235]" started-at="2024-07-10T22:07:50 IST" name="mismatchedPasswordSignupScenario" finished-at="2024-07-10T22:07:56 IST" duration-ms="5826" status="PASS">
          <reporter-output>
            <line>
              <![CDATA[<img src= C:\Users\cibhi\eclipse-workspace\Project_SpiceJet\screenshots\mismatchedPasswordSignupScenario.png width = 200px height=200px />]]>
            </line>
          </reporter-output>
        </test-method> <!-- mismatchedPasswordSignupScenario -->
        <test-method is-config="true" signature="refreshAfterEachTest()[pri:0, instance:CommonRunner.SignupTest@68c72235]" started-at="2024-07-10T22:07:56 IST" name="refreshAfterEachTest" finished-at="2024-07-10T22:08:02 IST" duration-ms="5338" status="PASS">
          <reporter-output>
          </reporter-output>
        </test-method> <!-- refreshAfterEachTest -->
        <test-method signature="emptyFieldsSignupScenario()[pri:4, instance:CommonRunner.SignupTest@68c72235]" started-at="2024-07-10T22:08:02 IST" name="emptyFieldsSignupScenario" finished-at="2024-07-10T22:08:07 IST" duration-ms="4907" status="PASS">
          <reporter-output>
            <line>
              <![CDATA[<img src= C:\Users\cibhi\eclipse-workspace\Project_SpiceJet\screenshots\emptyFieldsSignupScenario.png width = 200px height=200px />]]>
            </line>
          </reporter-output>
        </test-method> <!-- emptyFieldsSignupScenario -->
        <test-method is-config="true" signature="refreshAfterEachTest()[pri:0, instance:CommonRunner.SignupTest@68c72235]" started-at="2024-07-10T22:08:07 IST" name="refreshAfterEachTest" finished-at="2024-07-10T22:08:11 IST" duration-ms="4025" status="PASS">
          <reporter-output>
          </reporter-output>
        </test-method> <!-- refreshAfterEachTest -->
        <test-method is-config="true" signature="quit()[pri:0, instance:CommonRunner.SignupTest@68c72235]" started-at="2024-07-10T22:12:00 IST" name="quit" finished-at="2024-07-10T22:12:01 IST" duration-ms="400" status="PASS">
          <reporter-output>
          </reporter-output>
        </test-method> <!-- quit -->
      </class> <!-- CommonRunner.SignupTest -->
      <class name="CommonRunner.PaymentProcessTest">
        <test-method signature="testPaymentProcess()[pri:14, instance:CommonRunner.PaymentProcessTest@2e55dd0c]" started-at="2024-07-10T22:10:56 IST" name="testPaymentProcess" finished-at="2024-07-10T22:11:56 IST" duration-ms="60126" status="PASS">
          <reporter-output>
            <line>
              <![CDATA[<img src= C:\Users\cibhi\eclipse-workspace\Project_SpiceJet\screenshots\testPaymentProcess.png width = 200px height=200px />]]>
            </line>
          </reporter-output>
        </test-method> <!-- testPaymentProcess -->
        <test-method is-config="true" signature="refreshAfterEachTest()[pri:0, instance:CommonRunner.PaymentProcessTest@2e55dd0c]" started-at="2024-07-10T22:11:57 IST" name="refreshAfterEachTest" finished-at="2024-07-10T22:12:00 IST" duration-ms="3800" status="PASS">
          <reporter-output>
          </reporter-output>
        </test-method> <!-- refreshAfterEachTest -->
      </class> <!-- CommonRunner.PaymentProcessTest -->
      <class name="CommonRunner.RoundTripBookingTest">
        <test-method signature="negativeRoundTripBookingScenario()[pri:11, instance:CommonRunner.RoundTripBookingTest@62230c58]" started-at="2024-07-10T22:09:54 IST" name="negativeRoundTripBookingScenario" finished-at="2024-07-10T22:09:57 IST" duration-ms="3301" status="PASS">
          <reporter-output>
            <line>
              <![CDATA[<img src= C:\Users\cibhi\eclipse-workspace\Project_SpiceJet\screenshots\negativeRoundTripBookingScenario.png width = 200px height=200px />]]>
            </line>
          </reporter-output>
        </test-method> <!-- negativeRoundTripBookingScenario -->
        <test-method is-config="true" signature="refreshAfterEachTest()[pri:0, instance:CommonRunner.RoundTripBookingTest@62230c58]" started-at="2024-07-10T22:09:57 IST" name="refreshAfterEachTest" finished-at="2024-07-10T22:10:03 IST" duration-ms="6021" status="PASS">
          <reporter-output>
          </reporter-output>
        </test-method> <!-- refreshAfterEachTest -->
        <test-method signature="positiveRoundTripBookingScenario()[pri:12, instance:CommonRunner.RoundTripBookingTest@62230c58]" started-at="2024-07-10T22:10:03 IST" name="positiveRoundTripBookingScenario" finished-at="2024-07-10T22:10:43 IST" duration-ms="39532" status="PASS">
          <reporter-output>
            <line>
              <![CDATA[<img src= C:\Users\cibhi\eclipse-workspace\Project_SpiceJet\screenshots\positiveRoundTripBookingScenario.png width = 200px height=200px />]]>
            </line>
          </reporter-output>
        </test-method> <!-- positiveRoundTripBookingScenario -->
        <test-method is-config="true" signature="refreshAfterEachTest()[pri:0, instance:CommonRunner.RoundTripBookingTest@62230c58]" started-at="2024-07-10T22:10:43 IST" name="refreshAfterEachTest" finished-at="2024-07-10T22:10:50 IST" duration-ms="7331" status="PASS">
          <reporter-output>
          </reporter-output>
        </test-method> <!-- refreshAfterEachTest -->
      </class> <!-- CommonRunner.RoundTripBookingTest -->
      <class name="CommonRunner.ValidateProcessTest">
        <test-method signature="validateBookingPage()[pri:13, instance:CommonRunner.ValidateProcessTest@2cd2a21f]" started-at="2024-07-10T22:10:50 IST" name="validateBookingPage" finished-at="2024-07-10T22:10:51 IST" duration-ms="609" status="PASS">
          <reporter-output>
            <line>
              <![CDATA[<img src= C:\Users\cibhi\eclipse-workspace\Project_SpiceJet\screenshots\validateBookingPage.png width = 200px height=200px />]]>
            </line>
          </reporter-output>
        </test-method> <!-- validateBookingPage -->
        <test-method is-config="true" signature="refreshAfterEachTest()[pri:0, instance:CommonRunner.ValidateProcessTest@2cd2a21f]" started-at="2024-07-10T22:10:51 IST" name="refreshAfterEachTest" finished-at="2024-07-10T22:10:56 IST" duration-ms="4858" status="PASS">
          <reporter-output>
          </reporter-output>
        </test-method> <!-- refreshAfterEachTest -->
      </class> <!-- CommonRunner.ValidateProcessTest -->
      <class name="CommonRunner.OneWayBookingTest">
        <test-method signature="negativeOneWayBookingScenario()[pri:9, instance:CommonRunner.OneWayBookingTest@3d1cfad4]" started-at="2024-07-10T22:08:43 IST" name="negativeOneWayBookingScenario" finished-at="2024-07-10T22:08:56 IST" duration-ms="13680" status="PASS">
          <reporter-output>
            <line>
              <![CDATA[<img src= C:\Users\cibhi\eclipse-workspace\Project_SpiceJet\screenshots\negativeOneWayBookingScenario.png width = 200px height=200px />]]>
            </line>
          </reporter-output>
        </test-method> <!-- negativeOneWayBookingScenario -->
        <test-method is-config="true" signature="refreshAfterEachTest()[pri:0, instance:CommonRunner.OneWayBookingTest@3d1cfad4]" started-at="2024-07-10T22:08:57 IST" name="refreshAfterEachTest" finished-at="2024-07-10T22:09:04 IST" duration-ms="6947" status="PASS">
          <reporter-output>
          </reporter-output>
        </test-method> <!-- refreshAfterEachTest -->
        <test-method signature="positiveOneWayBookingScenario()[pri:10, instance:CommonRunner.OneWayBookingTest@3d1cfad4]" started-at="2024-07-10T22:09:04 IST" name="positiveOneWayBookingScenario" finished-at="2024-07-10T22:09:44 IST" duration-ms="40137" status="PASS">
          <reporter-output>
            <line>
              <![CDATA[<img src= C:\Users\cibhi\eclipse-workspace\Project_SpiceJet\screenshots\positiveOneWayBookingScenario.png width = 200px height=200px />]]>
            </line>
          </reporter-output>
        </test-method> <!-- positiveOneWayBookingScenario -->
        <test-method is-config="true" signature="refreshAfterEachTest()[pri:0, instance:CommonRunner.OneWayBookingTest@3d1cfad4]" started-at="2024-07-10T22:09:44 IST" name="refreshAfterEachTest" finished-at="2024-07-10T22:09:54 IST" duration-ms="9194" status="PASS">
          <reporter-output>
          </reporter-output>
        </test-method> <!-- refreshAfterEachTest -->
      </class> <!-- CommonRunner.OneWayBookingTest -->
      <class name="CommonRunner.LoginTest">
        <test-method signature="positiveLoginScenario()[pri:5, instance:CommonRunner.LoginTest@747edf66]" started-at="2024-07-10T22:08:11 IST" name="positiveLoginScenario" finished-at="2024-07-10T22:08:13 IST" duration-ms="1837" status="PASS">
          <reporter-output>
            <line>
              <![CDATA[<img src= C:\Users\cibhi\eclipse-workspace\Project_SpiceJet\screenshots\positiveLoginScenario.png width = 200px height=200px />]]>
            </line>
          </reporter-output>
        </test-method> <!-- positiveLoginScenario -->
        <test-method is-config="true" signature="refreshAfterEachTest()[pri:0, instance:CommonRunner.LoginTest@747edf66]" started-at="2024-07-10T22:08:13 IST" name="refreshAfterEachTest" finished-at="2024-07-10T22:08:21 IST" duration-ms="7676" status="PASS">
          <reporter-output>
          </reporter-output>
        </test-method> <!-- refreshAfterEachTest -->
        <test-method signature="invalidEmailLoginScenario()[pri:6, instance:CommonRunner.LoginTest@747edf66]" started-at="2024-07-10T22:08:21 IST" name="invalidEmailLoginScenario" finished-at="2024-07-10T22:08:23 IST" duration-ms="1593" status="PASS">
          <reporter-output>
            <line>
              <![CDATA[<img src= C:\Users\cibhi\eclipse-workspace\Project_SpiceJet\screenshots\invalidEmailLoginScenario.png width = 200px height=200px />]]>
            </line>
          </reporter-output>
        </test-method> <!-- invalidEmailLoginScenario -->
        <test-method is-config="true" signature="refreshAfterEachTest()[pri:0, instance:CommonRunner.LoginTest@747edf66]" started-at="2024-07-10T22:08:23 IST" name="refreshAfterEachTest" finished-at="2024-07-10T22:08:29 IST" duration-ms="5495" status="PASS">
          <reporter-output>
          </reporter-output>
        </test-method> <!-- refreshAfterEachTest -->
        <test-method signature="invalidPasswordLoginScenario()[pri:7, instance:CommonRunner.LoginTest@747edf66]" started-at="2024-07-10T22:08:29 IST" name="invalidPasswordLoginScenario" finished-at="2024-07-10T22:08:30 IST" duration-ms="1660" status="PASS">
          <reporter-output>
            <line>
              <![CDATA[<img src= C:\Users\cibhi\eclipse-workspace\Project_SpiceJet\screenshots\invalidPasswordLoginScenario.png width = 200px height=200px />]]>
            </line>
          </reporter-output>
        </test-method> <!-- invalidPasswordLoginScenario -->
        <test-method is-config="true" signature="refreshAfterEachTest()[pri:0, instance:CommonRunner.LoginTest@747edf66]" started-at="2024-07-10T22:08:31 IST" name="refreshAfterEachTest" finished-at="2024-07-10T22:08:36 IST" duration-ms="5824" status="PASS">
          <reporter-output>
          </reporter-output>
        </test-method> <!-- refreshAfterEachTest -->
        <test-method signature="emptyFieldsLoginScenario()[pri:8, instance:CommonRunner.LoginTest@747edf66]" started-at="2024-07-10T22:08:36 IST" name="emptyFieldsLoginScenario" finished-at="2024-07-10T22:08:38 IST" duration-ms="1301" status="PASS">
          <reporter-output>
            <line>
              <![CDATA[<img src= C:\Users\cibhi\eclipse-workspace\Project_SpiceJet\screenshots\emptyFieldsLoginScenario.png width = 200px height=200px />]]>
            </line>
          </reporter-output>
        </test-method> <!-- emptyFieldsLoginScenario -->
        <test-method is-config="true" signature="refreshAfterEachTest()[pri:0, instance:CommonRunner.LoginTest@747edf66]" started-at="2024-07-10T22:08:38 IST" name="refreshAfterEachTest" finished-at="2024-07-10T22:08:43 IST" duration-ms="4496" status="PASS">
          <reporter-output>
          </reporter-output>
        </test-method> <!-- refreshAfterEachTest -->
      </class> <!-- CommonRunner.LoginTest -->
    </test> <!-- Chrome Test -->
  </suite> <!-- SpiceJet Test -->
</testng-results>
