<?xml version="1.0" encoding="UTF-8"?>
<!-- Generated by org.testng.reporters.JUnitXMLReporter -->
<testsuite ignored="15" hostname="Cibhichakaravarthi" failures="0" tests="14" name="Chrome Test" time="344.668" errors="0" timestamp="2024-07-10T21:56:58 IST">
  <testcase classname="CommonRunner.SignupTest" name="positiveSignupScenario" time="17.762"/>
  <testcase classname="CommonRunner.SignupTest" name="invalidEmailSignupScenario" time="6.923"/>
  <testcase classname="CommonRunner.SignupTest" name="mismatchedPasswordSignupScenario" time="7.369"/>
  <testcase classname="CommonRunner.SignupTest" name="emptyFieldsSignupScenario" time="5.007"/>
  <testcase classname="CommonRunner.LoginTest" name="positiveLoginScenario" time="1.988"/>
  <testcase classname="CommonRunner.LoginTest" name="invalidEmailLoginScenario" time="1.788"/>
  <testcase classname="CommonRunner.LoginTest" name="invalidPasswordLoginScenario" time="1.767"/>
  <testcase classname="CommonRunner.LoginTest" name="emptyFieldsLoginScenario" time="1.445"/>
  <testcase classname="CommonRunner.OneWayBookingTest" name="negativeOneWayBookingScenario" time="13.582"/>
  <testcase classname="CommonRunner.OneWayBookingTest" name="positiveOneWayBookingScenario" time="50.059"/>
  <testcase classname="CommonRunner.RoundTripBookingTest" name="negativeRoundTripBookingScenario" time="1.75"/>
  <testcase classname="CommonRunner.RoundTripBookingTest" name="positiveRoundTripBookingScenario" time="41.884"/>
  <testcase classname="CommonRunner.ValidateProcessTest" name="validateBookingPage" time="1.102"/>
  <testcase classname="CommonRunner.PaymentProcessTest" name="testPaymentProcess" time="70.773"/>
  <testcase classname="utils.BaseClass" name="@AfterTest quit" time="0.0">
    <ignored/>
  </testcase> <!-- @AfterTest quit -->
  <testcase classname="utils.BaseClass" name="@AfterTest quit" time="0.0">
    <ignored/>
  </testcase> <!-- @AfterTest quit -->
  <testcase classname="utils.BaseClass" name="@BeforeTest setUp" time="0.0">
    <ignored/>
  </testcase> <!-- @BeforeTest setUp -->
  <testcase classname="utils.BaseClass" name="@AfterTest quit" time="0.0">
    <ignored/>
  </testcase> <!-- @AfterTest quit -->
  <testcase classname="utils.BaseClass" name="@BeforeTest setUp" time="0.0">
    <ignored/>
  </testcase> <!-- @BeforeTest setUp -->
  <testcase classname="utils.BaseClass" name="@BeforeTest setUp" time="0.0">
    <ignored/>
  </testcase> <!-- @BeforeTest setUp -->
  <testcase classname="utils.BaseClass" name="@BeforeTest urlVerify" time="0.0">
    <ignored/>
  </testcase> <!-- @BeforeTest urlVerify -->
  <testcase classname="utils.BaseClass" name="@BeforeTest urlVerify" time="0.0">
    <ignored/>
  </testcase> <!-- @BeforeTest urlVerify -->
  <testcase classname="utils.BaseClass" name="@BeforeTest setUp" time="0.0">
    <ignored/>
  </testcase> <!-- @BeforeTest setUp -->
  <testcase classname="utils.BaseClass" name="@BeforeTest setUp" time="0.0">
    <ignored/>
  </testcase> <!-- @BeforeTest setUp -->
  <testcase classname="utils.BaseClass" name="@AfterTest quit" time="0.0">
    <ignored/>
  </testcase> <!-- @AfterTest quit -->
  <testcase classname="utils.BaseClass" name="@BeforeTest urlVerify" time="0.0">
    <ignored/>
  </testcase> <!-- @BeforeTest urlVerify -->
  <testcase classname="utils.BaseClass" name="@BeforeTest urlVerify" time="0.0">
    <ignored/>
  </testcase> <!-- @BeforeTest urlVerify -->
  <testcase classname="utils.BaseClass" name="@AfterTest quit" time="0.0">
    <ignored/>
  </testcase> <!-- @AfterTest quit -->
  <testcase classname="utils.BaseClass" name="@BeforeTest urlVerify" time="0.0">
    <ignored/>
  </testcase> <!-- @BeforeTest urlVerify -->
</testsuite> <!-- Chrome Test -->
