<?xml version="1.0" encoding="UTF-8"?>
<!-- Generated by org.testng.reporters.JUnitXMLReporter -->
<testsuite ignored="15" hostname="Cibhichakaravarthi" failures="0" tests="14" name="Chrome Test" time="297.257" errors="0" timestamp="2024-07-10T22:12:02 IST">
  <testcase classname="CommonRunner.SignupTest" name="positiveSignupScenario" time="16.652"/>
  <testcase classname="CommonRunner.SignupTest" name="invalidEmailSignupScenario" time="7.317"/>
  <testcase classname="CommonRunner.SignupTest" name="mismatchedPasswordSignupScenario" time="5.826"/>
  <testcase classname="CommonRunner.SignupTest" name="emptyFieldsSignupScenario" time="4.907"/>
  <testcase classname="CommonRunner.LoginTest" name="positiveLoginScenario" time="1.837"/>
  <testcase classname="CommonRunner.LoginTest" name="invalidEmailLoginScenario" time="1.593"/>
  <testcase classname="CommonRunner.LoginTest" name="invalidPasswordLoginScenario" time="1.66"/>
  <testcase classname="CommonRunner.LoginTest" name="emptyFieldsLoginScenario" time="1.301"/>
  <testcase classname="CommonRunner.OneWayBookingTest" name="negativeOneWayBookingScenario" time="13.68"/>
  <testcase classname="CommonRunner.OneWayBookingTest" name="positiveOneWayBookingScenario" time="40.137"/>
  <testcase classname="CommonRunner.RoundTripBookingTest" name="negativeRoundTripBookingScenario" time="3.301"/>
  <testcase classname="CommonRunner.RoundTripBookingTest" name="positiveRoundTripBookingScenario" time="39.532"/>
  <testcase classname="CommonRunner.ValidateProcessTest" name="validateBookingPage" time="0.609"/>
  <testcase classname="CommonRunner.PaymentProcessTest" name="testPaymentProcess" time="60.126"/>
  <testcase classname="utils.BaseClass" name="@BeforeTest urlVerify" time="0.0">
    <ignored/>
  </testcase> <!-- @BeforeTest urlVerify -->
  <testcase classname="utils.BaseClass" name="@AfterTest quit" time="0.0">
    <ignored/>
  </testcase> <!-- @AfterTest quit -->
  <testcase classname="utils.BaseClass" name="@AfterTest quit" time="0.0">
    <ignored/>
  </testcase> <!-- @AfterTest quit -->
  <testcase classname="utils.BaseClass" name="@BeforeTest urlVerify" time="0.0">
    <ignored/>
  </testcase> <!-- @BeforeTest urlVerify -->
  <testcase classname="utils.BaseClass" name="@BeforeTest setUp" time="0.0">
    <ignored/>
  </testcase> <!-- @BeforeTest setUp -->
  <testcase classname="utils.BaseClass" name="@BeforeTest urlVerify" time="0.0">
    <ignored/>
  </testcase> <!-- @BeforeTest urlVerify -->
  <testcase classname="utils.BaseClass" name="@AfterTest quit" time="0.0">
    <ignored/>
  </testcase> <!-- @AfterTest quit -->
  <testcase classname="utils.BaseClass" name="@AfterTest quit" time="0.0">
    <ignored/>
  </testcase> <!-- @AfterTest quit -->
  <testcase classname="utils.BaseClass" name="@AfterTest quit" time="0.0">
    <ignored/>
  </testcase> <!-- @AfterTest quit -->
  <testcase classname="utils.BaseClass" name="@BeforeTest setUp" time="0.0">
    <ignored/>
  </testcase> <!-- @BeforeTest setUp -->
  <testcase classname="utils.BaseClass" name="@BeforeTest setUp" time="0.0">
    <ignored/>
  </testcase> <!-- @BeforeTest setUp -->
  <testcase classname="utils.BaseClass" name="@BeforeTest setUp" time="0.0">
    <ignored/>
  </testcase> <!-- @BeforeTest setUp -->
  <testcase classname="utils.BaseClass" name="@BeforeTest setUp" time="0.0">
    <ignored/>
  </testcase> <!-- @BeforeTest setUp -->
  <testcase classname="utils.BaseClass" name="@BeforeTest urlVerify" time="0.0">
    <ignored/>
  </testcase> <!-- @BeforeTest urlVerify -->
  <testcase classname="utils.BaseClass" name="@BeforeTest urlVerify" time="0.0">
    <ignored/>
  </testcase> <!-- @BeforeTest urlVerify -->
</testsuite> <!-- Chrome Test -->
